Added Component: Designator=DS?(LCD_NHD-0420CW-AB3)
Add component (AddParameter): Name = "Check_prices"; Value = "https://www.snapeda.com/parts/NHD-0420CW-AB3/Newhaven+Display+Intl/view-part/?ref=eda"; VariantName = "[No Variations]"
Add component (AddParameter): Name = "MF"; Value = "Newhaven Display"; VariantName = "[No Variations]"
Add component (AddParameter): Name = "MP"; Value = "NHD-0420CW-AB3"; VariantName = "[No Variations]"
Add component (AddParameter): Name = "Package"; Value = "None"; VariantName = "[No Variations]"
Add component (AddParameter): Name = "SnapEDA_Link"; Value = "https://www.snapeda.com/parts/NHD-0420CW-AB3/Newhaven+Display+Intl/view-part/?ref=snap"; VariantName = "[No Variations]"
Add component (AddParameter): Name = "Value"; Value = ""; VariantName = "[No Variations]"
Added Member To Class: ClassName=POWER_MCU Member=Component BT BH24CSF
Added Member To Class: ClassName=POWER_MCU Member=Component C? 12 pF
Added Member To Class: ClassName=POWER_MCU Member=Component C? 0.1 µF
Added Member To Class: ClassName=POWER_MCU Member=Component C? 0.1 µF
Added Member To Class: ClassName=POWER_MCU Member=Component C? 1µF
Added Member To Class: ClassName=POWER_MCU Member=Component C? 12 pF
Added Member To Class: ClassName=POWER_MCU Member=Component C? 0.1 µF
Added Member To Class: ClassName=POWER_MCU Member=Component C? 10 µF
Added Member To Class: ClassName=POWER_MCU Member=Component C? 10000 pF
Added Member To Class: ClassName=POWER_MCU Member=Component C? 10000 pF
Added Member To Class: ClassName=CURRENT_OLED Member=Component DS? NHD-0420CW-AB3
Added Member To Class: ClassName=CURRENT_OLED Member=Component R? 100 mOhms
Added Member To Class: ClassName=CURRENT_OLED Member=Component R? 10k
Added Member To Class: ClassName=POWER_MCU Member=Component S? FSM8JH
